{"uid":"3864806ae8db8de3","name":"editSuite","fullName":"tests.ProjectTest.editSuite","historyId":"24c7d8f0c4670bdf7e810a10b021238","time":{"start":1752512361986,"stop":1752512361986,"duration":0},"status":"unknown","flaky":false,"newFailed":false,"newBroken":false,"newPassed":false,"retriesCount":0,"retriesStatusChange":false,"beforeStages":[],"afterStages":[],"labels":[{"name":"package","value":"tests.ProjectTest"},{"name":"testClass","value":"tests.ProjectTest"},{"name":"testMethod","value":"editSuite"},{"name":"parentSuite","value":"CrossBrowser Suite"},{"name":"suite","value":"Firefox Test"},{"name":"subSuite","value":"tests.ProjectTest"},{"name":"host","value":"pkrvmq0rgcvqdmg"},{"name":"thread","value":"2568@pkrvmq0rgcvqdmg.main(1)"},{"name":"framework","value":"testng"},{"name":"language","value":"java"},{"name":"resultFormat","value":"allure2"}],"parameters":[{"name":"browser","value":"firefox"}],"links":[],"hidden":false,"retry":false,"extra":{"severity":"normal","retries":[],"categories":[],"history":{"statistic":{"failed":1,"broken":0,"skipped":1,"passed":0,"unknown":1,"total":3},"items":[{"uid":"16f0d9c8925006ce","reportUrl":"https://f0stery.github.io/QASE_QA/24//#testresult/16f0d9c8925006ce","status":"failed","statusDetails":"Element not found {by text: QASE_589}\nExpected: exist\nScreenshot: file:/home/runner/work/QASE_QA/QASE_QA/build/reports/tests/1752512106199.1.png\nPage source: file:/home/runner/work/QASE_QA/QASE_QA/build/reports/tests/1752512106199.1.html\nTimeout: 10 s.\nCaused by: NoSuchElementException: Unable to locate element: .//*/text()[normalize-space(translate(string(.), '","time":{"start":1752512081189,"stop":1752512106259,"duration":25070}},{"uid":"d2c308033c8f21fd","reportUrl":"https://f0stery.github.io/QASE_QA/21//#testresult/d2c308033c8f21fd","status":"skipped","statusDetails":"Element not found {by text: Create new project}\nExpected: visible\nScreenshot: file:/home/runner/work/QASE_QA/QASE_QA/build/reports/tests/1752510512371.1.png\nPage source: file:/home/runner/work/QASE_QA/QASE_QA/build/reports/tests/1752510512371.1.html\nTimeout: 10 s.\nCaused by: NoSuchElementException: Unable to locate element: .//*/text()[normalize-space(translate(string(.), '","time":{"start":1752510512457,"stop":1752510512458,"duration":1}}]},"tags":[]},"source":"3864806ae8db8de3.json","parameterValues":["firefox"]}